[2.018s] Invoking command in '/home/lopezgm/turtlebot4_ws/src/lab1_pkg': PYTHONPATH=/home/lopezgm/turtlebot4_ws/build/lab1_pkg/prefix_override:/usr/lib/python3/dist-packages/colcon_core/task/python/colcon_distutils_commands:/home/lopezgm/turtlebot4_ws/install/lab1_pkg/lib/python3.10/site-packages:${PYTHONPATH} /usr/bin/python3 -W ignore:setup.py install is deprecated -W ignore:easy_install command is deprecated setup.py egg_info --egg-base ../../build/lab1_pkg build --build-base /home/lopezgm/turtlebot4_ws/build/lab1_pkg/build install --record /home/lopezgm/turtlebot4_ws/build/lab1_pkg/install.log --single-version-externally-managed install_data
[2.241s] running egg_info
[2.241s] creating ../../build/lab1_pkg/lab1_pkg.egg-info
[2.241s] writing ../../build/lab1_pkg/lab1_pkg.egg-info/PKG-INFO
[2.242s] writing dependency_links to ../../build/lab1_pkg/lab1_pkg.egg-info/dependency_links.txt
[2.242s] writing entry points to ../../build/lab1_pkg/lab1_pkg.egg-info/entry_points.txt
[2.243s] writing requirements to ../../build/lab1_pkg/lab1_pkg.egg-info/requires.txt
[2.243s] writing top-level names to ../../build/lab1_pkg/lab1_pkg.egg-info/top_level.txt
[2.243s] writing manifest file '../../build/lab1_pkg/lab1_pkg.egg-info/SOURCES.txt'
[2.245s] reading manifest file '../../build/lab1_pkg/lab1_pkg.egg-info/SOURCES.txt'
[2.245s] writing manifest file '../../build/lab1_pkg/lab1_pkg.egg-info/SOURCES.txt'
[2.245s] running build
[2.245s] running build_py
[2.245s] creating /home/lopezgm/turtlebot4_ws/build/lab1_pkg/build
[2.245s] creating /home/lopezgm/turtlebot4_ws/build/lab1_pkg/build/lib
[2.245s] creating /home/lopezgm/turtlebot4_ws/build/lab1_pkg/build/lib/lab1_pkg
[2.245s] copying lab1_pkg/__init__.py -> /home/lopezgm/turtlebot4_ws/build/lab1_pkg/build/lib/lab1_pkg
[2.246s] running install
[2.246s] running install_lib
[2.246s] creating /home/lopezgm/turtlebot4_ws/install/lab1_pkg/lib/python3.10/site-packages/lab1_pkg
[2.247s] copying /home/lopezgm/turtlebot4_ws/build/lab1_pkg/build/lib/lab1_pkg/__init__.py -> /home/lopezgm/turtlebot4_ws/install/lab1_pkg/lib/python3.10/site-packages/lab1_pkg
[2.247s] byte-compiling /home/lopezgm/turtlebot4_ws/install/lab1_pkg/lib/python3.10/site-packages/lab1_pkg/__init__.py to __init__.cpython-310.pyc
[2.247s] running install_data
[2.248s] creating /home/lopezgm/turtlebot4_ws/install/lab1_pkg/share
[2.248s] creating /home/lopezgm/turtlebot4_ws/install/lab1_pkg/share/ament_index
[2.248s] creating /home/lopezgm/turtlebot4_ws/install/lab1_pkg/share/ament_index/resource_index
[2.248s] creating /home/lopezgm/turtlebot4_ws/install/lab1_pkg/share/ament_index/resource_index/packages
[2.248s] copying resource/lab1_pkg -> /home/lopezgm/turtlebot4_ws/install/lab1_pkg/share/ament_index/resource_index/packages
[2.248s] creating /home/lopezgm/turtlebot4_ws/install/lab1_pkg/share/lab1_pkg
[2.248s] copying package.xml -> /home/lopezgm/turtlebot4_ws/install/lab1_pkg/share/lab1_pkg
[2.248s] running install_egg_info
[2.252s] Copying ../../build/lab1_pkg/lab1_pkg.egg-info to /home/lopezgm/turtlebot4_ws/install/lab1_pkg/lib/python3.10/site-packages/lab1_pkg-0.0.0-py3.10.egg-info
[2.254s] running install_scripts
[2.270s] writing list of installed files to '/home/lopezgm/turtlebot4_ws/build/lab1_pkg/install.log'
[2.285s] Invoked command in '/home/lopezgm/turtlebot4_ws/src/lab1_pkg' returned '0': PYTHONPATH=/home/lopezgm/turtlebot4_ws/build/lab1_pkg/prefix_override:/usr/lib/python3/dist-packages/colcon_core/task/python/colcon_distutils_commands:/home/lopezgm/turtlebot4_ws/install/lab1_pkg/lib/python3.10/site-packages:${PYTHONPATH} /usr/bin/python3 -W ignore:setup.py install is deprecated -W ignore:easy_install command is deprecated setup.py egg_info --egg-base ../../build/lab1_pkg build --build-base /home/lopezgm/turtlebot4_ws/build/lab1_pkg/build install --record /home/lopezgm/turtlebot4_ws/build/lab1_pkg/install.log --single-version-externally-managed install_data
