[0.000000] (-) TimerEvent: {}
[0.000099] (lab1_pkg) JobQueued: {'identifier': 'lab1_pkg', 'dependencies': OrderedDict()}
[0.000133] (lab1_pkg) JobStarted: {'identifier': 'lab1_pkg'}
[0.099412] (-) TimerEvent: {}
[0.199626] (-) TimerEvent: {}
[0.299914] (-) TimerEvent: {}
[0.400308] (-) TimerEvent: {}
[0.500497] (-) TimerEvent: {}
[0.556827] (lab1_pkg) Command: {'cmd': ['/usr/bin/python3', '-W', 'ignore:setup.py install is deprecated', '-W', 'ignore:easy_install command is deprecated', 'setup.py', 'egg_info', '--egg-base', '../../build/lab1_pkg', 'build', '--build-base', '/home/lopezgm/turtlebot4_ws/build/lab1_pkg/build', 'install', '--record', '/home/lopezgm/turtlebot4_ws/build/lab1_pkg/install.log', '--single-version-externally-managed', 'install_data'], 'cwd': '/home/lopezgm/turtlebot4_ws/src/lab1_pkg', 'env': {'USER': 'lopezgm@plu.edu', 'XDG_SESSION_TYPE': 'wayland', 'SSH_AGENT_PID': '543749', 'SHLVL': '1', 'LD_LIBRARY_PATH': '/opt/ros/humble/opt/rviz_ogre_vendor/lib:/opt/ros/humble/lib/x86_64-linux-gnu:/opt/ros/humble/lib', 'OLDPWD': '/home/lopezgm/turtlebot4_ws/src', 'HOME': '/home/lopezgm', 'DESKTOP_SESSION': 'ubuntu', 'GTK_MODULES': 'gail:atk-bridge', 'GNOME_SHELL_SESSION_MODE': 'ubuntu', 'ROS_PYTHON_VERSION': '3', 'SYSTEMD_EXEC_PID': '535510', 'DBUS_SESSION_BUS_ADDRESS': 'unix:path=/run/user/481848524/bus', 'COLORTERM': 'truecolor', 'CONDA_CHANGEPS1': 'no', 'WAYLAND_DISPLAY': 'wayland-0', 'ROS_DISTRO': 'humble', 'COLCON_PREFIX_PATH': '/home/lopezgm/turtlebot4_ws/install:/home/lopezgm/repos/cs489/lab01/turtlebot4_ws/install', 'LOGNAME': 'lopezgm@plu.edu', '_': '/usr/bin/colcon', 'XDG_SESSION_CLASS': 'user', 'ROS_VERSION': '2', 'USERNAME': 'lopezgm@plu.edu', 'TERM': 'xterm-256color', 'PROMPT_EOL_MARK': '', 'ROS_SUPER_CLIENT': 'True', 'GNOME_DESKTOP_SESSION_ID': 'this-is-deprecated', 'ROS_LOCALHOST_ONLY': '0', 'PATH': '/opt/ros/humble/bin:/usr/local/sbin:/usr/local/bin:/usr/sbin:/usr/bin:/sbin:/bin:/usr/games:/usr/local/games:/snap/bin:/snap/bin', 'SESSION_MANAGER': 'local/csci20121:@/tmp/.ICE-unix/535486,unix/csci20121:/tmp/.ICE-unix/535486', 'GNOME_TERMINAL_SCREEN': '/org/gnome/Terminal/screen/ba0046d2_f464_4a93_b918_a144699efdb8', 'XDG_MENU_PREFIX': 'gnome-', 'GNOME_SETUP_DISPLAY': ':3', 'XDG_RUNTIME_DIR': '/run/user/481848524', 'DISPLAY': ':2', 'LANG': 'en_US.UTF-8', 'XDG_CURRENT_DESKTOP': 'ubuntu:GNOME', 'RMW_IMPLEMENTATION': 'rmw_fastrtps_cpp', 'XDG_SESSION_DESKTOP': 'ubuntu', 'GNOME_TERMINAL_SERVICE': ':1.157', 'XMODIFIERS': '@im=ibus', 'XAUTHORITY': '/run/user/481848524/.mutter-Xwaylandauth.U71G12', 'SSH_AUTH_SOCK': '/tmp/ssh-XXXXXXFN1FhR/agent.543748', 'SSH_AGENT_LAUNCHER': 'gnome-keyring', 'AMENT_PREFIX_PATH': '/opt/ros/humble', 'ROS_DOMAIN_ID': '1', 'KRB5CCNAME': 'FILE:/tmp/krb5cc_481848524_FpjpZa', 'SHELL': '/bin/zsh', 'ROS_DISCOVERY_SERVER': '10.5.112.149:11811', 'QT_ACCESSIBILITY': '1', 'GDMSESSION': 'ubuntu', 'QT_IM_MODULE': 'ibus', 'PWD': '/home/lopezgm/turtlebot4_ws/build/lab1_pkg', 'XDG_DATA_DIRS': '/usr/local/share/:/usr/share/:/var/lib/snapd/desktop', 'VIRTUAL_ENV_DISABLE_PROMPT': '12', 'PYTHONPATH': '/home/lopezgm/turtlebot4_ws/build/lab1_pkg/prefix_override:/usr/lib/python3/dist-packages/colcon_core/task/python/colcon_distutils_commands:/home/lopezgm/turtlebot4_ws/install/lab1_pkg/lib/python3.10/site-packages:/opt/ros/humble/lib/python3.10/site-packages:/opt/ros/humble/local/lib/python3.10/dist-packages', 'COLCON': '1', 'VTE_VERSION': '6800'}, 'shell': False}
[0.600575] (-) TimerEvent: {}
[0.700794] (-) TimerEvent: {}
[0.787634] (lab1_pkg) StdoutLine: {'line': b'running egg_info\n'}
[0.788190] (lab1_pkg) StdoutLine: {'line': b'writing ../../build/lab1_pkg/lab1_pkg.egg-info/PKG-INFO\n'}
[0.788438] (lab1_pkg) StdoutLine: {'line': b'writing dependency_links to ../../build/lab1_pkg/lab1_pkg.egg-info/dependency_links.txt\n'}
[0.788584] (lab1_pkg) StdoutLine: {'line': b'writing entry points to ../../build/lab1_pkg/lab1_pkg.egg-info/entry_points.txt\n'}
[0.788733] (lab1_pkg) StdoutLine: {'line': b'writing requirements to ../../build/lab1_pkg/lab1_pkg.egg-info/requires.txt\n'}
[0.788818] (lab1_pkg) StdoutLine: {'line': b'writing top-level names to ../../build/lab1_pkg/lab1_pkg.egg-info/top_level.txt\n'}
[0.790092] (lab1_pkg) StdoutLine: {'line': b"reading manifest file '../../build/lab1_pkg/lab1_pkg.egg-info/SOURCES.txt'\n"}
[0.790805] (lab1_pkg) StdoutLine: {'line': b"writing manifest file '../../build/lab1_pkg/lab1_pkg.egg-info/SOURCES.txt'\n"}
[0.790930] (lab1_pkg) StdoutLine: {'line': b'running build\n'}
[0.791016] (lab1_pkg) StdoutLine: {'line': b'running build_py\n'}
[0.791111] (lab1_pkg) StdoutLine: {'line': b'running install\n'}
[0.791336] (lab1_pkg) StdoutLine: {'line': b'running install_lib\n'}
[0.792406] (lab1_pkg) StdoutLine: {'line': b'running install_data\n'}
[0.792625] (lab1_pkg) StdoutLine: {'line': b'running install_egg_info\n'}
[0.794423] (lab1_pkg) StdoutLine: {'line': b"removing '/home/lopezgm/turtlebot4_ws/install/lab1_pkg/lib/python3.10/site-packages/lab1_pkg-0.0.0-py3.10.egg-info' (and everything under it)\n"}
[0.794633] (lab1_pkg) StdoutLine: {'line': b'Copying ../../build/lab1_pkg/lab1_pkg.egg-info to /home/lopezgm/turtlebot4_ws/install/lab1_pkg/lib/python3.10/site-packages/lab1_pkg-0.0.0-py3.10.egg-info\n'}
[0.795760] (lab1_pkg) StdoutLine: {'line': b'running install_scripts\n'}
[0.800888] (-) TimerEvent: {}
[0.811458] (lab1_pkg) StdoutLine: {'line': b'Installing speed_behavior_node script to /home/lopezgm/turtlebot4_ws/install/lab1_pkg/lib/lab1_pkg\n'}
[0.811798] (lab1_pkg) StdoutLine: {'line': b"writing list of installed files to '/home/lopezgm/turtlebot4_ws/build/lab1_pkg/install.log'\n"}
[0.826611] (lab1_pkg) CommandEnded: {'returncode': 0}
[0.835764] (lab1_pkg) JobEnded: {'identifier': 'lab1_pkg', 'rc': 0}
[0.836313] (-) EventReactorShutdown: {}
